2017-03-12 01:38:38,607 INFO [TC_BaiDuSearch.class] - ###########################################################################################
2017-03-12 01:38:38,607 INFO [TC_BaiDuSearch.class] - ###################################### WTD Start ##########################################
2017-03-12 01:38:38,607 INFO [TC_BaiDuSearch.class] - ################## Start to Execute Case: „Äê TC_BaiDuSearch~member~common „Äë####################
2017-03-12 01:38:41,298 INFO [TC_BaiDuSearch.class] - ~~~~~~ Test Point „Äê GoToHome „Äë  : (ÂõûÂà∞È¶ñÈ°µ)  is „Äê pass „Äë 
2017-03-12 01:38:41,409 INFO [TC_BaiDuSearch.class] - ~~~~~~~~~~~~ Start to Capture the Screen ~~~~~~~~~~~~
2017-03-12 01:38:41,651 INFO [TC_BaiDuSearch.class] - ~~~~~~~~~~~~ The Screen Capture is :F:\work\projects\wtd\bin\logs\2017-03-12 01_38_37_ChromeDriver\common_member_TC_BaiDuSearch\2017-03-12 01_38_41_649.jpg ~~~~~~~~~~~~
2017-03-12 01:38:41,671 INFO [TC_BaiDuSearch.class] - ~~~~~~~~~~~~Finish to Capture the Screen ~~~~~~~~~~~~
2017-03-12 01:38:43,785 INFO [TC_BaiDuSearch.class] - ~~~~~~ Test Point „Äê ÊµãËØïÊêúÁ¥¢ „Äë  : (ÊµãËØïÊêúÁ¥¢ÂäüËÉΩ)  is „Äê pass „Äë 
2017-03-12 01:38:43,788 INFO [TC_BaiDuSearch.class] - ~~~~~~~~~~~~ Start to Capture the Screen ~~~~~~~~~~~~
2017-03-12 01:38:43,957 INFO [TC_BaiDuSearch.class] - ~~~~~~~~~~~~ The Screen Capture is :F:\work\projects\wtd\bin\logs\2017-03-12 01_38_37_ChromeDriver\common_member_TC_BaiDuSearch\2017-03-12 01_38_43_957.jpg ~~~~~~~~~~~~
2017-03-12 01:38:43,983 INFO [TC_BaiDuSearch.class] - ~~~~~~~~~~~~Finish to Capture the Screen ~~~~~~~~~~~~
2017-03-12 01:38:43,993 INFO [TC_BaiDuSearch.class] - ################## Finish to Execute Case: „Äê TC_BaiDuSearch~member~common „Äë####################
2017-03-12 01:38:43,993 INFO [TC_BaiDuSearch.class] - #################### Test Result is : „Äê pass „Äë####################
2017-03-12 01:38:43,993 INFO [TC_BaiDuSearch.class] - ################## The Test Description is : „Äê ÊµãËØïÁôæÂ∫¶ÊêúÁ¥¢ÂäüËÉΩ „Äë####################
2017-03-12 01:38:43,993 INFO [TC_BaiDuSearch.class] - ######################################  WTD Finished ######################################
2017-03-12 01:38:43,993 INFO [TC_BaiDuSearch.class] - ###########################################################################################
2017-03-12 01:38:43,993 INFO [TC_BaiDuSearch.class] - ###########################################################################################
2017-03-12 01:38:43,993 INFO [TC_BaiDuSearch.class] - ###########################################################################################
2017-03-12 01:38:43,993 INFO [TC_XiaomuwuLogin.class] - ###########################################################################################
2017-03-12 01:38:43,993 INFO [TC_XiaomuwuLogin.class] - ###################################### WTD Start ##########################################
2017-03-12 01:38:43,994 INFO [TC_XiaomuwuLogin.class] - ################## Start to Execute Case: „Äê TC_XiaomuwuLogin~xiaomuwu~common „Äë####################
2017-03-12 01:39:35,399 INFO [TC_XiaomuwuLogin.class] - ~~~~~~ Test Point „Äê ÊµãËØïÊêúÁ¥¢ „Äë  : (ÊµãËØïÊêúÁ¥¢ÂäüËÉΩ)  is „Äê pass „Äë 
2017-03-12 01:39:35,402 INFO [TC_XiaomuwuLogin.class] - ~~~~~~~~~~~~ Start to Capture the Screen ~~~~~~~~~~~~
2017-03-12 01:39:35,625 INFO [TC_XiaomuwuLogin.class] - ~~~~~~~~~~~~ The Screen Capture is :F:\work\projects\wtd\bin\logs\2017-03-12 01_38_37_ChromeDriver\common_xiaomuwu_TC_XiaomuwuLogin\2017-03-12 01_39_35_624.jpg ~~~~~~~~~~~~
2017-03-12 01:39:35,637 INFO [TC_XiaomuwuLogin.class] - ~~~~~~~~~~~~Finish to Capture the Screen ~~~~~~~~~~~~
2017-03-12 01:39:35,641 INFO [TC_XiaomuwuLogin.class] - ################## Finish to Execute Case: „Äê TC_XiaomuwuLogin~xiaomuwu~common „Äë####################
2017-03-12 01:39:35,719 INFO [TC_XiaomuwuLogin.class] - #################### Test Result is : „Äê pass „Äë####################
2017-03-12 01:39:35,719 INFO [TC_XiaomuwuLogin.class] - ################## The Test Description is : „Äê ÊµãËØïÁôæË∑≥ËΩ¨Âà∞Â∞èÊú®Â±ãÁôªÂΩïÂäüËÉΩ „Äë####################
2017-03-12 01:39:35,719 INFO [TC_XiaomuwuLogin.class] - ######################################  WTD Finished ######################################
2017-03-12 01:39:35,719 INFO [TC_XiaomuwuLogin.class] - ###########################################################################################
2017-03-12 01:39:35,719 INFO [TC_XiaomuwuLogin.class] - ###########################################################################################
2017-03-12 01:39:35,719 INFO [TC_XiaomuwuLogin.class] - ###########################################################################################
2017-03-12 01:39:35,720 INFO [root] - ###########################################################################################
2017-03-12 01:39:35,720 INFO [root] - ###################################### WTD Start ##########################################
2017-03-12 01:39:35,720 INFO [root] - ################## Start to Execute Case: „Äê TC_XiaomuwuAbout~xiaomuwu~interface „Äë####################
2017-03-12 01:39:39,295 INFO [root] - „ÄêTest 1„Äë          http://snappydata.top/?page_id=67
2017-03-12 01:39:39,296 INFO [root] - „ÄêResponse 1„Äë     		<!DOCTYPE html>
<html lang="zh-CN">
	<head>
	  ...
2017-03-12 01:39:39,296 INFO [root] - „Äêexpect words„Äë     ÂÖ≥‰∫éÂ∞èÊú®Â±ã
2017-03-12 01:39:39,296 INFO [root] - „ÄêResult 1„Äë       pass
2017-03-12 01:39:39,296 INFO [root] - ............
2017-03-12 01:39:39,305 INFO [root] - ################## Finish to Execute Case: „Äê TC_XiaomuwuAbout~xiaomuwu~interface „Äë####################
2017-03-12 01:39:39,305 INFO [root] - #################### Test Result is : „Äê pass „Äë####################
2017-03-12 01:39:39,305 INFO [root] - ################## The Test Description is : „Äê ÊµãËØïÁôæË∑≥ËΩ¨Âà∞Â∞èÊú®Â±ãÁôªÂΩïÂäüËÉΩ „Äë####################
2017-03-12 01:39:39,306 INFO [root] - ######################################  WTD Finished ######################################
2017-03-12 01:39:39,306 INFO [root] - ###########################################################################################
2017-03-12 01:39:39,306 INFO [root] - ###########################################################################################
2017-03-12 01:39:39,306 INFO [root] - ###########################################################################################
2017-03-12 15:25:11,847 INFO [TC_BaiDuSearch.class] - ###########################################################################################
2017-03-12 15:25:11,848 INFO [TC_BaiDuSearch.class] - ###################################### WTD Start ##########################################
2017-03-12 15:25:11,848 INFO [TC_BaiDuSearch.class] - ################## Start to Execute Case: „Äê TC_BaiDuSearch~member~common „Äë####################
2017-03-12 15:25:15,069 INFO [TC_BaiDuSearch.class] - ~~~~~~ Test Point „Äê GoToHome „Äë  : (ÂõûÂà∞È¶ñÈ°µ)  is „Äê pass „Äë 
2017-03-12 15:25:15,077 INFO [TC_BaiDuSearch.class] - ~~~~~~~~~~~~ Start to Capture the Screen ~~~~~~~~~~~~
2017-03-12 15:25:15,370 INFO [TC_BaiDuSearch.class] - ~~~~~~~~~~~~ The Screen Capture is :F:\work\projects\ideaworkspace\wtd\bin\logs\2017-03-12 15_25_10_ChromeDriver\common_member_TC_BaiDuSearch\2017-03-12 15_25_15_369.jpg ~~~~~~~~~~~~
2017-03-12 15:25:15,399 INFO [TC_BaiDuSearch.class] - ~~~~~~~~~~~~Finish to Capture the Screen ~~~~~~~~~~~~
2017-03-12 15:25:17,818 INFO [TC_BaiDuSearch.class] - ~~~~~~ Test Point „Äê ÊµãËØïÊêúÁ¥¢ „Äë  : (ÊµãËØïÊêúÁ¥¢ÂäüËÉΩ)  is „Äê pass „Äë 
2017-03-12 15:25:17,824 INFO [TC_BaiDuSearch.class] - ~~~~~~~~~~~~ Start to Capture the Screen ~~~~~~~~~~~~
2017-03-12 15:25:18,096 INFO [TC_BaiDuSearch.class] - ~~~~~~~~~~~~ The Screen Capture is :F:\work\projects\ideaworkspace\wtd\bin\logs\2017-03-12 15_25_10_ChromeDriver\common_member_TC_BaiDuSearch\2017-03-12 15_25_18_96.jpg ~~~~~~~~~~~~
2017-03-12 15:25:18,109 INFO [TC_BaiDuSearch.class] - ~~~~~~~~~~~~Finish to Capture the Screen ~~~~~~~~~~~~
2017-03-12 15:25:18,113 INFO [TC_BaiDuSearch.class] - ################## Finish to Execute Case: „Äê TC_BaiDuSearch~member~common „Äë####################
2017-03-12 15:25:18,114 INFO [TC_BaiDuSearch.class] - #################### Test Result is : „Äê pass „Äë####################
2017-03-12 15:25:18,114 INFO [TC_BaiDuSearch.class] - ################## The Test Description is : „Äê ÊµãËØïÁôæÂ∫¶ÊêúÁ¥¢ÂäüËÉΩ „Äë####################
2017-03-12 15:25:18,114 INFO [TC_BaiDuSearch.class] - ######################################  WTD Finished ######################################
2017-03-12 15:25:18,114 INFO [TC_BaiDuSearch.class] - ###########################################################################################
2017-03-12 15:25:18,114 INFO [TC_BaiDuSearch.class] - ###########################################################################################
2017-03-12 15:25:18,114 INFO [TC_BaiDuSearch.class] - ###########################################################################################
2017-03-12 15:25:18,114 INFO [TC_XiaomuwuLogin.class] - ###########################################################################################
2017-03-12 15:25:18,114 INFO [TC_XiaomuwuLogin.class] - ###################################### WTD Start ##########################################
2017-03-12 15:25:18,114 INFO [TC_XiaomuwuLogin.class] - ################## Start to Execute Case: „Äê TC_XiaomuwuLogin~xiaomuwu~common „Äë####################
2017-03-12 15:25:35,458 INFO [TC_XiaomuwuLogin.class] - ~~~~~~ Test Point „Äê ÊµãËØïÊêúÁ¥¢ „Äë  : (ÊµãËØïÊêúÁ¥¢ÂäüËÉΩ)  is „Äê pass „Äë 
2017-03-12 15:25:35,461 INFO [TC_XiaomuwuLogin.class] - ~~~~~~~~~~~~ Start to Capture the Screen ~~~~~~~~~~~~
2017-03-12 15:25:35,615 INFO [TC_XiaomuwuLogin.class] - ~~~~~~~~~~~~ The Screen Capture is :F:\work\projects\ideaworkspace\wtd\bin\logs\2017-03-12 15_25_10_ChromeDriver\common_xiaomuwu_TC_XiaomuwuLogin\2017-03-12 15_25_35_615.jpg ~~~~~~~~~~~~
2017-03-12 15:25:35,638 INFO [TC_XiaomuwuLogin.class] - ~~~~~~~~~~~~Finish to Capture the Screen ~~~~~~~~~~~~
2017-03-12 15:25:35,643 INFO [TC_XiaomuwuLogin.class] - ################## Finish to Execute Case: „Äê TC_XiaomuwuLogin~xiaomuwu~common „Äë####################
2017-03-12 15:25:35,656 INFO [TC_XiaomuwuLogin.class] - #################### Test Result is : „Äê pass „Äë####################
2017-03-12 15:25:35,656 INFO [TC_XiaomuwuLogin.class] - ################## The Test Description is : „Äê ÊµãËØïÁôæË∑≥ËΩ¨Âà∞Â∞èÊú®Â±ãÁôªÂΩïÂäüËÉΩ „Äë####################
2017-03-12 15:25:35,657 INFO [TC_XiaomuwuLogin.class] - ######################################  WTD Finished ######################################
2017-03-12 15:25:35,657 INFO [TC_XiaomuwuLogin.class] - ###########################################################################################
2017-03-12 15:25:35,657 INFO [TC_XiaomuwuLogin.class] - ###########################################################################################
2017-03-12 15:25:35,657 INFO [TC_XiaomuwuLogin.class] - ###########################################################################################
2017-03-12 15:25:35,657 INFO [root] - ###########################################################################################
2017-03-12 15:25:35,657 INFO [root] - ###################################### WTD Start ##########################################
2017-03-12 15:25:35,657 INFO [root] - ################## Start to Execute Case: „Äê TC_XiaomuwuAbout~xiaomuwu~interface „Äë####################
2017-03-12 15:25:40,083 INFO [root] - „ÄêTest 1„Äë          http://snappydata.top/?page_id=67
2017-03-12 15:25:40,084 INFO [root] - „ÄêResponse 1„Äë     		<!DOCTYPE html>
<html lang="zh-CN">
	<head>
	  ...
2017-03-12 15:25:40,084 INFO [root] - „Äêexpect words„Äë     ÂÖ≥‰∫éÂ∞èÊú®Â±ã
2017-03-12 15:25:40,084 INFO [root] - „ÄêResult 1„Äë       pass
2017-03-12 15:25:40,084 INFO [root] - ............
2017-03-12 15:25:40,089 INFO [root] - ################## Finish to Execute Case: „Äê TC_XiaomuwuAbout~xiaomuwu~interface „Äë####################
2017-03-12 15:25:40,090 INFO [root] - #################### Test Result is : „Äê pass „Äë####################
2017-03-12 15:25:40,090 INFO [root] - ################## The Test Description is : „Äê ÊµãËØïÁôæË∑≥ËΩ¨Âà∞Â∞èÊú®Â±ãÁôªÂΩïÂäüËÉΩ „Äë####################
2017-03-12 15:25:40,103 INFO [root] - ######################################  WTD Finished ######################################
2017-03-12 15:25:40,103 INFO [root] - ###########################################################################################
2017-03-12 15:25:40,103 INFO [root] - ###########################################################################################
2017-03-12 15:25:40,103 INFO [root] - ###########################################################################################
2017-03-12 15:29:37,636 INFO [TC_BaiDuSearch.class] - ###########################################################################################
2017-03-12 15:29:37,636 INFO [TC_BaiDuSearch.class] - ###################################### WTD Start ##########################################
2017-03-12 15:29:37,636 INFO [TC_BaiDuSearch.class] - ################## Start to Execute Case: °æ TC_BaiDuSearch~member~common °ø####################
2017-03-12 15:29:40,289 INFO [TC_BaiDuSearch.class] - ~~~~~~ Test Point °æ GoToHome °ø  : (ªÿµΩ ◊“≥)  is °æ pass °ø 
2017-03-12 15:29:40,296 INFO [TC_BaiDuSearch.class] - ~~~~~~~~~~~~ Start to Capture the Screen ~~~~~~~~~~~~
2017-03-12 15:29:40,531 INFO [TC_BaiDuSearch.class] - ~~~~~~~~~~~~ The Screen Capture is :F:\work\projects\ideaworkspace\wtd\bin\logs\2017-03-12 15_29_36_ChromeDriver\common_member_TC_BaiDuSearch\2017-03-12 15_29_40_530.jpg ~~~~~~~~~~~~
2017-03-12 15:29:40,546 INFO [TC_BaiDuSearch.class] - ~~~~~~~~~~~~Finish to Capture the Screen ~~~~~~~~~~~~
2017-03-12 15:29:42,605 INFO [TC_BaiDuSearch.class] - ~~~~~~ Test Point °æ ≤‚ ‘À—À˜ °ø  : (≤‚ ‘À—À˜π¶ƒ‹)  is °æ pass °ø 
2017-03-12 15:29:42,608 INFO [TC_BaiDuSearch.class] - ~~~~~~~~~~~~ Start to Capture the Screen ~~~~~~~~~~~~
2017-03-12 15:29:42,832 INFO [TC_BaiDuSearch.class] - ~~~~~~~~~~~~ The Screen Capture is :F:\work\projects\ideaworkspace\wtd\bin\logs\2017-03-12 15_29_36_ChromeDriver\common_member_TC_BaiDuSearch\2017-03-12 15_29_42_832.jpg ~~~~~~~~~~~~
2017-03-12 15:29:42,848 INFO [TC_BaiDuSearch.class] - ~~~~~~~~~~~~Finish to Capture the Screen ~~~~~~~~~~~~
2017-03-12 15:29:42,854 INFO [TC_BaiDuSearch.class] - ################## Finish to Execute Case: °æ TC_BaiDuSearch~member~common °ø####################
2017-03-12 15:29:42,854 INFO [TC_BaiDuSearch.class] - #################### Test Result is : °æ pass °ø####################
2017-03-12 15:29:42,855 INFO [TC_BaiDuSearch.class] - ################## The Test Description is : °æ ≤‚ ‘∞Ÿ∂»À—À˜π¶ƒ‹ °ø####################
2017-03-12 15:29:42,856 INFO [TC_BaiDuSearch.class] - ######################################  WTD Finished ######################################
2017-03-12 15:29:42,857 INFO [TC_BaiDuSearch.class] - ###########################################################################################
2017-03-12 15:29:42,858 INFO [TC_BaiDuSearch.class] - ###########################################################################################
2017-03-12 15:29:42,858 INFO [TC_BaiDuSearch.class] - ###########################################################################################
2017-03-12 15:29:42,859 INFO [TC_XiaomuwuLogin.class] - ###########################################################################################
2017-03-12 15:29:42,860 INFO [TC_XiaomuwuLogin.class] - ###################################### WTD Start ##########################################
2017-03-12 15:29:42,860 INFO [TC_XiaomuwuLogin.class] - ################## Start to Execute Case: °æ TC_XiaomuwuLogin~xiaomuwu~common °ø####################
2017-03-12 15:30:09,949 INFO [TC_BaiDuSearch.class] - ###########################################################################################
2017-03-12 15:30:09,950 INFO [TC_BaiDuSearch.class] - ###################################### WTD Start ##########################################
2017-03-12 15:30:09,950 INFO [TC_BaiDuSearch.class] - ################## Start to Execute Case: °æ TC_BaiDuSearch~member~common °ø####################
2017-03-12 15:30:12,217 INFO [TC_BaiDuSearch.class] - ~~~~~~ Test Point °æ GoToHome °ø  : (ªÿµΩ ◊“≥)  is °æ pass °ø 
2017-03-12 15:30:12,222 INFO [TC_BaiDuSearch.class] - ~~~~~~~~~~~~ Start to Capture the Screen ~~~~~~~~~~~~
2017-03-12 15:30:12,462 INFO [TC_BaiDuSearch.class] - ~~~~~~~~~~~~ The Screen Capture is :F:\work\projects\ideaworkspace\wtd\bin\logs\2017-03-12 15_30_08_ChromeDriver\common_member_TC_BaiDuSearch\2017-03-12 15_30_12_462.jpg ~~~~~~~~~~~~
2017-03-12 15:30:12,477 INFO [TC_BaiDuSearch.class] - ~~~~~~~~~~~~Finish to Capture the Screen ~~~~~~~~~~~~
2017-03-12 15:30:14,518 INFO [TC_BaiDuSearch.class] - ~~~~~~ Test Point °æ ≤‚ ‘À—À˜ °ø  : (≤‚ ‘À—À˜π¶ƒ‹)  is °æ pass °ø 
2017-03-12 15:30:14,521 INFO [TC_BaiDuSearch.class] - ~~~~~~~~~~~~ Start to Capture the Screen ~~~~~~~~~~~~
2017-03-12 15:30:14,691 INFO [TC_BaiDuSearch.class] - ~~~~~~~~~~~~ The Screen Capture is :F:\work\projects\ideaworkspace\wtd\bin\logs\2017-03-12 15_30_08_ChromeDriver\common_member_TC_BaiDuSearch\2017-03-12 15_30_14_691.jpg ~~~~~~~~~~~~
2017-03-12 15:30:14,697 INFO [TC_BaiDuSearch.class] - ~~~~~~~~~~~~Finish to Capture the Screen ~~~~~~~~~~~~
2017-03-12 15:30:14,702 INFO [TC_BaiDuSearch.class] - ################## Finish to Execute Case: °æ TC_BaiDuSearch~member~common °ø####################
2017-03-12 15:30:14,702 INFO [TC_BaiDuSearch.class] - #################### Test Result is : °æ pass °ø####################
2017-03-12 15:30:14,702 INFO [TC_BaiDuSearch.class] - ################## The Test Description is : °æ ≤‚ ‘∞Ÿ∂»À—À˜π¶ƒ‹ °ø####################
2017-03-12 15:30:14,702 INFO [TC_BaiDuSearch.class] - ######################################  WTD Finished ######################################
2017-03-12 15:30:14,702 INFO [TC_BaiDuSearch.class] - ###########################################################################################
2017-03-12 15:30:14,703 INFO [TC_BaiDuSearch.class] - ###########################################################################################
2017-03-12 15:30:14,704 INFO [TC_BaiDuSearch.class] - ###########################################################################################
2017-03-12 15:30:14,704 INFO [TC_XiaomuwuLogin.class] - ###########################################################################################
2017-03-12 15:30:14,705 INFO [TC_XiaomuwuLogin.class] - ###################################### WTD Start ##########################################
2017-03-12 15:30:14,706 INFO [TC_XiaomuwuLogin.class] - ################## Start to Execute Case: °æ TC_XiaomuwuLogin~xiaomuwu~common °ø####################
2017-03-12 15:30:37,685 ERROR [TC_XiaomuwuLogin.class] - ~~~~~~~~~~~~~~ find Element:Œﬁ–ß”√ªß√˚ is failed ~~~~~~~~~~~~
2017-03-12 15:30:37,686 INFO [TC_XiaomuwuLogin.class] - Exception
org.openqa.selenium.NoSuchWindowException: no such window: target window already closed
from unknown error: web view not found
  (Session info: chrome=56.0.2924.87)
  (Driver info: chromedriver=2.27.440174 (e97a722caafc2d3a8b807ee115bfb307f7d2cfd9),platform=Windows NT 10.0.14393 x86_64) (WARNING: The server did not provide any stacktrace information)
Command duration or timeout: 3 milliseconds
Build info: version: '2.53.0', revision: '35ae25b', time: '2016-03-15 17:00:58'
System info: host: 'GLASH', ip: '10.0.75.1', os.name: 'Windows 10', os.arch: 'amd64', os.version: '10.0', java.version: '1.8.0_121'
Driver info: org.openqa.selenium.chrome.ChromeDriver
Capabilities [{applicationCacheEnabled=false, rotatable=false, mobileEmulationEnabled=false, networkConnectionEnabled=false, chrome={chromedriverVersion=2.27.440174 (e97a722caafc2d3a8b807ee115bfb307f7d2cfd9), userDataDir=C:\Users\dell\AppData\Local\Temp\scoped_dir13592_18904}, takesHeapSnapshot=true, pageLoadStrategy=normal, databaseEnabled=false, handlesAlerts=true, hasTouchScreen=false, version=56.0.2924.87, platform=XP, browserConnectionEnabled=false, nativeEvents=true, acceptSslCerts=true, locationContextEnabled=true, webStorageEnabled=true, browserName=chrome, takesScreenshot=true, javascriptEnabled=true, cssSelectorsEnabled=true, unexpectedAlertBehaviour=}]
Session ID: 364f99347a10180a950c9b85f0d08de2
*** Element info: {Using=xpath, value=//*[contains(.,'Œﬁ–ß”√ªß√˚')]}
	at sun.reflect.NativeConstructorAccessorImpl.newInstance0(Native Method)
	at sun.reflect.NativeConstructorAccessorImpl.newInstance(Unknown Source)
	at sun.reflect.DelegatingConstructorAccessorImpl.newInstance(Unknown Source)
	at java.lang.reflect.Constructor.newInstance(Unknown Source)
	at org.openqa.selenium.remote.ErrorHandler.createThrowable(ErrorHandler.java:206)
	at org.openqa.selenium.remote.ErrorHandler.throwIfResponseFailed(ErrorHandler.java:158)
	at org.openqa.selenium.remote.RemoteWebDriver.execute(RemoteWebDriver.java:678)
	at org.openqa.selenium.remote.RemoteWebDriver.findElements(RemoteWebDriver.java:388)
	at org.openqa.selenium.remote.RemoteWebDriver.findElementsByXPath(RemoteWebDriver.java:504)
	at org.openqa.selenium.By$ByXPath.findElements(By.java:356)
	at org.openqa.selenium.remote.RemoteWebDriver.findElements(RemoteWebDriver.java:351)
	at com.pub.wtd.common.BaseAction.isTextExist(BaseAction.java:183)
	at xiaomuwu.TC_XiaomuwuLogin.testLogin(TC_XiaomuwuLogin.java:61)
	at xiaomuwu.TC_XiaomuwuLogin.execute(TC_XiaomuwuLogin.java:44)
	at com.pub.wtd.common.Engine.runCommonCases(Engine.java:400)
	at com.pub.wtd.common.Engine.<init>(Engine.java:159)
	at com.pub.wtd.common.Engine.<init>(Engine.java:63)
	at com.pub.wtd.common.Main.runCase(Main.java:51)
	at com.pub.wtd.common.Main.main(Main.java:34)
2017-03-12 15:30:37,693 INFO [TC_XiaomuwuLogin.class] - ~~~~~~ Test Point °æ ≤‚ ‘À—À˜ °ø  : (≤‚ ‘À—À˜π¶ƒ‹)  is °æ fail °ø  {∞Ÿ∂»À—À˜≤‚ ‘ ß∞‹}
2017-03-12 15:30:37,696 INFO [TC_XiaomuwuLogin.class] - ~~~~~~~~~~~~ Start to Capture the Screen ~~~~~~~~~~~~
2017-03-12 15:30:37,701 INFO [TC_XiaomuwuLogin.class] - ~~~~~~~~~~~~ Start to Capture the Screen ~~~~~~~~~~~~
2017-03-12 15:30:37,705 INFO [TC_XiaomuwuLogin.class] - ~~~~~~~~~~~~ Start to Capture the Screen ~~~~~~~~~~~~
2017-03-12 15:30:37,711 INFO [TC_XiaomuwuLogin.class] - ########### [ Error ]: Run Case Faild ,Exception Ocurrs !!!!!!###########
2017-03-12 15:30:37,711 INFO [TC_XiaomuwuLogin.class] - Exception
java.lang.Exception: org.openqa.selenium.NoSuchWindowException: no such window: target window already closed
from unknown error: web view not found
  (Session info: chrome=56.0.2924.87)
  (Driver info: chromedriver=2.27.440174 (e97a722caafc2d3a8b807ee115bfb307f7d2cfd9),platform=Windows NT 10.0.14393 x86_64) (WARNING: The server did not provide any stacktrace information)
Command duration or timeout: 3 milliseconds
Build info: version: '2.53.0', revision: '35ae25b', time: '2016-03-15 17:00:58'
System info: host: 'GLASH', ip: '10.0.75.1', os.name: 'Windows 10', os.arch: 'amd64', os.version: '10.0', java.version: '1.8.0_121'
Driver info: org.openqa.selenium.chrome.ChromeDriver
Capabilities [{applicationCacheEnabled=false, rotatable=false, mobileEmulationEnabled=false, networkConnectionEnabled=false, chrome={chromedriverVersion=2.27.440174 (e97a722caafc2d3a8b807ee115bfb307f7d2cfd9), userDataDir=C:\Users\dell\AppData\Local\Temp\scoped_dir13592_18904}, takesHeapSnapshot=true, pageLoadStrategy=normal, databaseEnabled=false, handlesAlerts=true, hasTouchScreen=false, version=56.0.2924.87, platform=XP, browserConnectionEnabled=false, nativeEvents=true, acceptSslCerts=true, locationContextEnabled=true, webStorageEnabled=true, browserName=chrome, takesScreenshot=true, javascriptEnabled=true, cssSelectorsEnabled=true, unexpectedAlertBehaviour=}]
Session ID: 364f99347a10180a950c9b85f0d08de2
	at com.pub.wtd.common.Engine.runCommonCases(Engine.java:435)
	at com.pub.wtd.common.Engine.<init>(Engine.java:159)
	at com.pub.wtd.common.Engine.<init>(Engine.java:63)
	at com.pub.wtd.common.Main.runCase(Main.java:51)
	at com.pub.wtd.common.Main.main(Main.java:34)
2017-03-12 15:30:37,712 INFO [root] - ###########################################################################################
2017-03-12 15:30:37,713 INFO [root] - ###################################### WTD Start ##########################################
2017-03-12 15:30:37,715 INFO [root] - ################## Start to Execute Case: °æ TC_XiaomuwuAbout~xiaomuwu~interface °ø####################
2017-03-12 15:30:39,994 INFO [root] - °æTest 1°ø          http://snappydata.top/?page_id=67
2017-03-12 15:30:39,994 INFO [root] - °æResponse 1°ø     		<!DOCTYPE html>
<html lang="zh-CN">
	<head>
	  ...
2017-03-12 15:30:39,996 INFO [root] - °æexpect words°ø     πÿ”⁄–°ƒæŒ›
2017-03-12 15:30:39,997 INFO [root] - °æResult 1°ø       fail
2017-03-12 15:30:39,997 INFO [root] - ............
2017-03-12 15:30:40,006 INFO [root] - ################## Finish to Execute Case: °æ TC_XiaomuwuAbout~xiaomuwu~interface °ø####################
2017-03-12 15:30:40,008 INFO [root] - #################### Test Result is : °æ fail °ø####################
2017-03-12 15:30:40,009 INFO [root] - ################## The Test Description is : °æ ≤‚ ‘∞Ÿ∂»À—À˜π¶ƒ‹ °ø####################
2017-03-12 15:30:40,074 INFO [root] - ######################################  WTD Finished ######################################
2017-03-12 15:30:40,074 INFO [root] - ###########################################################################################
2017-03-12 15:30:40,077 INFO [root] - ###########################################################################################
2017-03-12 15:30:40,077 INFO [root] - ###########################################################################################
2018-01-21 01:03:03,457 INFO [TC_BaiDuSearch.class] - ###########################################################################################
2018-01-21 01:03:03,457 INFO [TC_BaiDuSearch.class] - ###################################### WTD Start ##########################################
2018-01-21 01:03:03,457 INFO [TC_BaiDuSearch.class] - ################## Start to Execute Case: „Äê TC_BaiDuSearch~demo~common „Äë####################
2018-01-21 01:03:05,065 INFO [TC_BaiDuSearch.class] - ~~~~~~ Test Point „Äê GoToHome „Äë  : (ÂõûÂà∞È¶ñÈ°µ)  is „Äê pass „Äë 
2018-01-21 01:03:05,074 INFO [TC_BaiDuSearch.class] - ~~~~~~~~~~~~ Start to Capture the Screen ~~~~~~~~~~~~
2018-01-21 01:03:05,402 INFO [TC_BaiDuSearch.class] - ~~~~~~~~~~~~ The Screen Capture is :F:\work\projects\ideaworkspace\wtd\bin\logs\2018-01-21 01_03_03_ChromeDriver\common_demo_TC_BaiDuSearch\2018-01-21 01_03_05_402.jpg ~~~~~~~~~~~~
2018-01-21 01:03:05,414 INFO [TC_BaiDuSearch.class] - ~~~~~~~~~~~~Finish to Capture the Screen ~~~~~~~~~~~~
2018-01-21 01:03:07,812 INFO [TC_BaiDuSearch.class] - ~~~~~~ Test Point „Äê ÊµãËØïÊêúÁ¥¢ „Äë  : (ÊµãËØïÊêúÁ¥¢ÂäüËÉΩ)  is „Äê pass „Äë 
2018-01-21 01:03:07,858 INFO [TC_BaiDuSearch.class] - ~~~~~~~~~~~~ Start to Capture the Screen ~~~~~~~~~~~~
2018-01-21 01:03:08,130 INFO [TC_BaiDuSearch.class] - ~~~~~~~~~~~~ The Screen Capture is :F:\work\projects\ideaworkspace\wtd\bin\logs\2018-01-21 01_03_03_ChromeDriver\common_demo_TC_BaiDuSearch\2018-01-21 01_03_08_130.jpg ~~~~~~~~~~~~
2018-01-21 01:03:08,133 INFO [TC_BaiDuSearch.class] - ~~~~~~~~~~~~Finish to Capture the Screen ~~~~~~~~~~~~
2018-01-21 01:03:08,139 INFO [TC_BaiDuSearch.class] - ################## Finish to Execute Case: „Äê TC_BaiDuSearch~demo~common „Äë####################
2018-01-21 01:03:08,139 INFO [TC_BaiDuSearch.class] - #################### Test Result is : „Äê pass „Äë####################
2018-01-21 01:03:08,139 INFO [TC_BaiDuSearch.class] - ################## The Test Description is : „Äê ÊµãËØïÁôæÂ∫¶ÊêúÁ¥¢ÂäüËÉΩ „Äë####################
2018-01-21 01:03:08,139 INFO [TC_BaiDuSearch.class] - ######################################  WTD Finished ######################################
2018-01-21 01:03:08,139 INFO [TC_BaiDuSearch.class] - ###########################################################################################
2018-01-21 01:03:08,139 INFO [TC_BaiDuSearch.class] - ###########################################################################################
2018-01-21 01:03:08,139 INFO [TC_BaiDuSearch.class] - ###########################################################################################
2018-01-21 01:03:08,140 INFO [root] - ###########################################################################################
2018-01-21 01:03:08,140 INFO [root] - ###################################### WTD Start ##########################################
2018-01-21 01:03:08,140 INFO [root] - ################## Start to Execute Case: „Äê TC_XiaomuwuAbout~demo~interface „Äë####################
2018-01-21 01:03:10,813 INFO [root] - „ÄêTest 1„Äë          http://blog.jpmovie.cn/?page_id=67
2018-01-21 01:03:10,814 INFO [root] - „ÄêResponse 1„Äë     		<!DOCTYPE html>
<html lang="zh-CN">
	<head>
	...
2018-01-21 01:03:10,814 INFO [root] - „Äêexpect words„Äë     ÂÖ≥‰∫éÂ∞èÊú®Â±ã
2018-01-21 01:03:10,814 INFO [root] - „ÄêResult 1„Äë       pass
2018-01-21 01:03:10,814 INFO [root] - ............
2018-01-21 01:03:10,899 INFO [root] - ################## Finish to Execute Case: „Äê TC_XiaomuwuAbout~demo~interface „Äë####################
2018-01-21 01:03:10,899 INFO [root] - #################### Test Result is : „Äê pass „Äë####################
2018-01-21 01:03:10,899 INFO [root] - ################## The Test Description is : „Äê ÊµãËØïÁôæÂ∫¶ÊêúÁ¥¢ÂäüËÉΩ „Äë####################
2018-01-21 01:03:10,900 INFO [root] - ######################################  WTD Finished ######################################
2018-01-21 01:03:10,900 INFO [root] - ###########################################################################################
2018-01-21 01:03:10,900 INFO [root] - ###########################################################################################
2018-01-21 01:03:10,900 INFO [root] - ###########################################################################################
2018-01-21 01:26:09,722 INFO [TC_BaiDuSearch.class] - ###########################################################################################
2018-01-21 01:26:09,722 INFO [TC_BaiDuSearch.class] - ###################################### WTD Start ##########################################
2018-01-21 01:26:09,722 INFO [TC_BaiDuSearch.class] - ################## Start to Execute Case: „Äê TC_BaiDuSearch~demo~common „Äë####################
2018-01-21 01:26:11,172 INFO [TC_BaiDuSearch.class] - ~~~~~~ Test Point „Äê GoToHome „Äë  : (ÂõûÂà∞È¶ñÈ°µ)  is „Äê fail „Äë  {can not go to home page}
2018-01-21 01:26:11,181 INFO [TC_BaiDuSearch.class] - ~~~~~~~~~~~~ Start to Capture the Screen ~~~~~~~~~~~~
2018-01-21 01:26:11,530 INFO [TC_BaiDuSearch.class] - ~~~~~~~~~~~~ The Screen Capture is :F:\work\projects\ideaworkspace\wtd\bin\logs\2018-01-21 01_26_09_ChromeDriver\common_demo_TC_BaiDuSearch\2018-01-21 01_26_11_529.jpg ~~~~~~~~~~~~
2018-01-21 01:26:11,543 INFO [TC_BaiDuSearch.class] - ~~~~~~~~~~~~Finish to Capture the Screen ~~~~~~~~~~~~
2018-01-21 01:26:13,892 INFO [TC_BaiDuSearch.class] - ~~~~~~ Test Point „Äê ÊµãËØïÊêúÁ¥¢ „Äë  : (ÊµãËØïÊêúÁ¥¢ÂäüËÉΩ)  is „Äê pass „Äë 
2018-01-21 01:26:13,896 INFO [TC_BaiDuSearch.class] - ~~~~~~~~~~~~ Start to Capture the Screen ~~~~~~~~~~~~
2018-01-21 01:26:14,170 INFO [TC_BaiDuSearch.class] - ~~~~~~~~~~~~ The Screen Capture is :F:\work\projects\ideaworkspace\wtd\bin\logs\2018-01-21 01_26_09_ChromeDriver\common_demo_TC_BaiDuSearch\2018-01-21 01_26_14_170.jpg ~~~~~~~~~~~~
2018-01-21 01:26:14,175 INFO [TC_BaiDuSearch.class] - ~~~~~~~~~~~~Finish to Capture the Screen ~~~~~~~~~~~~
2018-01-21 01:26:14,181 INFO [TC_BaiDuSearch.class] - ################## Finish to Execute Case: „Äê TC_BaiDuSearch~demo~common „Äë####################
2018-01-21 01:26:14,181 INFO [TC_BaiDuSearch.class] - #################### Test Result is : „Äê fail „Äë####################
2018-01-21 01:26:14,181 INFO [TC_BaiDuSearch.class] - ################## The Test Description is : „Äê ÊµãËØïÁôæÂ∫¶ÊêúÁ¥¢ÂäüËÉΩ „Äë####################
2018-01-21 01:26:14,181 INFO [TC_BaiDuSearch.class] - ######################################  WTD Finished ######################################
2018-01-21 01:26:14,181 INFO [TC_BaiDuSearch.class] - ###########################################################################################
2018-01-21 01:26:14,181 INFO [TC_BaiDuSearch.class] - ###########################################################################################
2018-01-21 01:26:14,181 INFO [TC_BaiDuSearch.class] - ###########################################################################################
2018-01-21 01:26:14,181 INFO [root] - ###########################################################################################
2018-01-21 01:26:14,181 INFO [root] - ###################################### WTD Start ##########################################
2018-01-21 01:26:14,182 INFO [root] - ################## Start to Execute Case: „Äê TC_XiaomuwuAbout~demo~interface „Äë####################
2018-01-21 01:26:16,194 INFO [root] - „ÄêTest 1„Äë          http://blog.jpmovie.cn/?page_id=67
2018-01-21 01:26:16,195 INFO [root] - „ÄêResponse 1„Äë     		<!DOCTYPE html>
<html lang="zh-CN">
	<head>
	...
2018-01-21 01:26:16,195 INFO [root] - „Äêexpect words„Äë     ÂÖ≥‰∫éÂ∞èÊú®Â±ã
2018-01-21 01:26:16,195 INFO [root] - „ÄêResult 1„Äë       pass
2018-01-21 01:26:16,195 INFO [root] - ............
2018-01-21 01:26:16,203 INFO [root] - ################## Finish to Execute Case: „Äê TC_XiaomuwuAbout~demo~interface „Äë####################
2018-01-21 01:26:16,203 INFO [root] - #################### Test Result is : „Äê pass „Äë####################
2018-01-21 01:26:16,204 INFO [root] - ################## The Test Description is : „Äê ÊµãËØïÁôæÂ∫¶ÊêúÁ¥¢ÂäüËÉΩ „Äë####################
2018-01-21 01:26:16,204 INFO [root] - ######################################  WTD Finished ######################################
2018-01-21 01:26:16,204 INFO [root] - ###########################################################################################
2018-01-21 01:26:16,205 INFO [root] - ###########################################################################################
2018-01-21 01:26:16,205 INFO [root] - ###########################################################################################
2018-01-21 01:33:04,861 INFO [TC_BaiDuSearch.class] - ###########################################################################################
2018-01-21 01:33:04,861 INFO [TC_BaiDuSearch.class] - ###################################### WTD Start ##########################################
2018-01-21 01:33:04,862 INFO [TC_BaiDuSearch.class] - ################## Start to Execute Case: °æ TC_BaiDuSearch~demo~common °ø####################
2018-01-21 01:35:02,779 INFO [TC_BaiDuSearch.class] - ###########################################################################################
2018-01-21 01:35:02,780 INFO [TC_BaiDuSearch.class] - ###################################### WTD Start ##########################################
2018-01-21 01:35:02,780 INFO [TC_BaiDuSearch.class] - ################## Start to Execute Case: °æ TC_BaiDuSearch~demo~common °ø####################
2018-01-21 01:35:04,745 INFO [TC_BaiDuSearch.class] - ~~~~~~ Test Point °æ GoToHome °ø  : (ªÿµΩ ◊“≥)  is °æ fail °ø  {can not go to home page}
2018-01-21 01:35:04,754 INFO [TC_BaiDuSearch.class] - ~~~~~~~~~~~~ Start to Capture the Screen ~~~~~~~~~~~~
2018-01-21 01:35:05,111 INFO [TC_BaiDuSearch.class] - ~~~~~~~~~~~~ The Screen Capture is :F:\work\projects\ideaworkspace\wtd\bin\logs\2018-01-21 01_35_02_ChromeDriver\common_demo_TC_BaiDuSearch\2018-01-21 01_35_05_110.jpg ~~~~~~~~~~~~
2018-01-21 01:35:05,122 INFO [TC_BaiDuSearch.class] - ~~~~~~~~~~~~Finish to Capture the Screen ~~~~~~~~~~~~
2018-01-21 01:35:07,648 INFO [TC_BaiDuSearch.class] - ~~~~~~ Test Point °æ ≤‚ ‘À—À˜ °ø  : (≤‚ ‘À—À˜π¶ƒ‹)  is °æ pass °ø 
2018-01-21 01:35:07,653 INFO [TC_BaiDuSearch.class] - ~~~~~~~~~~~~ Start to Capture the Screen ~~~~~~~~~~~~
2018-01-21 01:35:07,960 INFO [TC_BaiDuSearch.class] - ~~~~~~~~~~~~ The Screen Capture is :F:\work\projects\ideaworkspace\wtd\bin\logs\2018-01-21 01_35_02_ChromeDriver\common_demo_TC_BaiDuSearch\2018-01-21 01_35_07_960.jpg ~~~~~~~~~~~~
2018-01-21 01:35:07,964 INFO [TC_BaiDuSearch.class] - ~~~~~~~~~~~~Finish to Capture the Screen ~~~~~~~~~~~~
2018-01-21 01:35:07,969 INFO [TC_BaiDuSearch.class] - ################## Finish to Execute Case: °æ TC_BaiDuSearch~demo~common °ø####################
2018-01-21 01:35:07,969 INFO [TC_BaiDuSearch.class] - #################### Test Result is : °æ fail °ø####################
2018-01-21 01:35:07,969 INFO [TC_BaiDuSearch.class] - ################## The Test Description is : °æ ≤‚ ‘∞Ÿ∂»À—À˜π¶ƒ‹ °ø####################
2018-01-21 01:35:07,969 INFO [TC_BaiDuSearch.class] - ######################################  WTD Finished ######################################
2018-01-21 01:35:07,969 INFO [TC_BaiDuSearch.class] - ###########################################################################################
2018-01-21 01:35:07,969 INFO [TC_BaiDuSearch.class] - ###########################################################################################
2018-01-21 01:35:07,971 INFO [TC_BaiDuSearch.class] - ###########################################################################################
2018-01-21 01:35:07,971 INFO [root] - ###########################################################################################
2018-01-21 01:35:07,973 INFO [root] - ###################################### WTD Start ##########################################
2018-01-21 01:35:07,974 INFO [root] - ################## Start to Execute Case: °æ TC_XiaomuwuAbout~demo~interface °ø####################
2018-01-21 01:35:39,080 INFO [TC_BaiDuSearch.class] - ###########################################################################################
2018-01-21 01:35:39,080 INFO [TC_BaiDuSearch.class] - ###################################### WTD Start ##########################################
2018-01-21 01:35:39,080 INFO [TC_BaiDuSearch.class] - ################## Start to Execute Case: °æ TC_BaiDuSearch~demo~common °ø####################
2018-01-21 01:37:53,050 INFO [TC_BaiDuSearch.class] - ###########################################################################################
2018-01-21 01:37:53,050 INFO [TC_BaiDuSearch.class] - ###################################### WTD Start ##########################################
2018-01-21 01:37:53,050 INFO [TC_BaiDuSearch.class] - ################## Start to Execute Case: °æ TC_BaiDuSearch~demo~common °ø####################
2018-01-21 01:37:54,605 INFO [TC_BaiDuSearch.class] - ~~~~~~ Test Point °æ GoToHome °ø  : (ªÿµΩ ◊“≥)  is °æ fail °ø  {can not go to home page}
2018-01-21 01:37:54,615 INFO [TC_BaiDuSearch.class] - ~~~~~~~~~~~~ Start to Capture the Screen ~~~~~~~~~~~~
2018-01-21 01:37:54,940 INFO [TC_BaiDuSearch.class] - ~~~~~~~~~~~~ The Screen Capture is :F:\work\projects\ideaworkspace\wtd\bin\logs\2018-01-21 01_37_53_ChromeDriver\common_demo_TC_BaiDuSearch\2018-01-21 01_37_54_939.jpg ~~~~~~~~~~~~
2018-01-21 01:37:54,952 INFO [TC_BaiDuSearch.class] - ~~~~~~~~~~~~Finish to Capture the Screen ~~~~~~~~~~~~
2018-01-21 01:37:57,345 INFO [TC_BaiDuSearch.class] - ~~~~~~ Test Point °æ ≤‚ ‘À—À˜ °ø  : (≤‚ ‘À—À˜π¶ƒ‹)  is °æ pass °ø 
2018-01-21 01:37:57,350 INFO [TC_BaiDuSearch.class] - ~~~~~~~~~~~~ Start to Capture the Screen ~~~~~~~~~~~~
2018-01-21 01:37:57,630 INFO [TC_BaiDuSearch.class] - ~~~~~~~~~~~~ The Screen Capture is :F:\work\projects\ideaworkspace\wtd\bin\logs\2018-01-21 01_37_53_ChromeDriver\common_demo_TC_BaiDuSearch\2018-01-21 01_37_57_630.jpg ~~~~~~~~~~~~
2018-01-21 01:37:57,634 INFO [TC_BaiDuSearch.class] - ~~~~~~~~~~~~Finish to Capture the Screen ~~~~~~~~~~~~
2018-01-21 01:37:57,640 INFO [TC_BaiDuSearch.class] - ################## Finish to Execute Case: °æ TC_BaiDuSearch~demo~common °ø####################
2018-01-21 01:37:57,640 INFO [TC_BaiDuSearch.class] - #################### Test Result is : °æ fail °ø####################
2018-01-21 01:37:57,640 INFO [TC_BaiDuSearch.class] - ################## The Test Description is : °æ ≤‚ ‘∞Ÿ∂»À—À˜π¶ƒ‹ °ø####################
2018-01-21 01:37:57,640 INFO [TC_BaiDuSearch.class] - ######################################  WTD Finished ######################################
2018-01-21 01:37:57,640 INFO [TC_BaiDuSearch.class] - ###########################################################################################
2018-01-21 01:37:57,640 INFO [TC_BaiDuSearch.class] - ###########################################################################################
2018-01-21 01:37:57,641 INFO [TC_BaiDuSearch.class] - ###########################################################################################
2018-01-21 01:37:57,641 INFO [root] - ###########################################################################################
2018-01-21 01:37:57,641 INFO [root] - ###################################### WTD Start ##########################################
2018-01-21 01:37:57,642 INFO [root] - ################## Start to Execute Case: °æ TC_XiaomuwuAbout~demo~interface °ø####################
2018-01-21 01:38:00,787 INFO [root] - °æTest 1°ø          http://blog.jpmovie.cn/?page_id=67
2018-01-21 01:38:00,787 INFO [root] - °æResponse 1°ø     		<!DOCTYPE html>
<html lang="zh-CN">
	<head>
	...
2018-01-21 01:38:00,787 INFO [root] - °æexpect words°ø     πÿ”⁄–°ƒæŒ›
2018-01-21 01:38:00,787 INFO [root] - °æResult 1°ø       fail
2018-01-21 01:38:00,787 INFO [root] - ............
2018-01-21 01:38:00,795 INFO [root] - ################## Finish to Execute Case: °æ TC_XiaomuwuAbout~demo~interface °ø####################
2018-01-21 01:38:00,795 INFO [root] - #################### Test Result is : °æ fail °ø####################
2018-01-21 01:38:00,795 INFO [root] - ################## The Test Description is : °æ ≤‚ ‘∞Ÿ∂»À—À˜π¶ƒ‹ °ø####################
2018-01-21 01:38:00,796 INFO [root] - ######################################  WTD Finished ######################################
2018-01-21 01:38:00,796 INFO [root] - ###########################################################################################
2018-01-21 01:38:00,796 INFO [root] - ###########################################################################################
2018-01-21 01:38:00,796 INFO [root] - ###########################################################################################
2018-01-21 01:39:06,148 INFO [TC_BaiDuSearch.class] - ###########################################################################################
2018-01-21 01:39:06,148 INFO [TC_BaiDuSearch.class] - ###################################### WTD Start ##########################################
2018-01-21 01:39:06,148 INFO [TC_BaiDuSearch.class] - ################## Start to Execute Case: °æ TC_BaiDuSearch~demo~common °ø####################
2018-01-21 01:39:07,639 INFO [TC_BaiDuSearch.class] - ~~~~~~ Test Point °æ GoToHome °ø  : (ªÿµΩ ◊“≥)  is °æ fail °ø  {can not go to home page}
2018-01-21 01:39:07,647 INFO [TC_BaiDuSearch.class] - ~~~~~~~~~~~~ Start to Capture the Screen ~~~~~~~~~~~~
2018-01-21 01:39:07,980 INFO [TC_BaiDuSearch.class] - ~~~~~~~~~~~~ The Screen Capture is :F:\work\projects\ideaworkspace\wtd\bin\logs\2018-01-21 01_39_06_ChromeDriver\common_demo_TC_BaiDuSearch\2018-01-21 01_39_07_980.jpg ~~~~~~~~~~~~
2018-01-21 01:39:07,992 INFO [TC_BaiDuSearch.class] - ~~~~~~~~~~~~Finish to Capture the Screen ~~~~~~~~~~~~
2018-01-21 01:39:10,516 INFO [TC_BaiDuSearch.class] - ~~~~~~ Test Point °æ ≤‚ ‘À—À˜ °ø  : (≤‚ ‘À—À˜π¶ƒ‹)  is °æ pass °ø 
2018-01-21 01:39:10,520 INFO [TC_BaiDuSearch.class] - ~~~~~~~~~~~~ Start to Capture the Screen ~~~~~~~~~~~~
2018-01-21 01:39:10,814 INFO [TC_BaiDuSearch.class] - ~~~~~~~~~~~~ The Screen Capture is :F:\work\projects\ideaworkspace\wtd\bin\logs\2018-01-21 01_39_06_ChromeDriver\common_demo_TC_BaiDuSearch\2018-01-21 01_39_10_814.jpg ~~~~~~~~~~~~
2018-01-21 01:39:10,820 INFO [TC_BaiDuSearch.class] - ~~~~~~~~~~~~Finish to Capture the Screen ~~~~~~~~~~~~
2018-01-21 01:39:10,825 INFO [TC_BaiDuSearch.class] - ################## Finish to Execute Case: °æ TC_BaiDuSearch~demo~common °ø####################
2018-01-21 01:39:10,825 INFO [TC_BaiDuSearch.class] - #################### Test Result is : °æ fail °ø####################
2018-01-21 01:39:10,826 INFO [TC_BaiDuSearch.class] - ################## The Test Description is : °æ ≤‚ ‘∞Ÿ∂»À—À˜π¶ƒ‹ °ø####################
2018-01-21 01:39:10,826 INFO [TC_BaiDuSearch.class] - ######################################  WTD Finished ######################################
2018-01-21 01:39:10,826 INFO [TC_BaiDuSearch.class] - ###########################################################################################
2018-01-21 01:39:10,826 INFO [TC_BaiDuSearch.class] - ###########################################################################################
2018-01-21 01:39:10,826 INFO [TC_BaiDuSearch.class] - ###########################################################################################
2018-01-21 01:39:10,826 INFO [root] - ###########################################################################################
2018-01-21 01:39:10,826 INFO [root] - ###################################### WTD Start ##########################################
2018-01-21 01:39:10,827 INFO [root] - ################## Start to Execute Case: °æ TC_XiaomuwuAbout~demo~interface °ø####################
2018-01-21 01:39:12,888 INFO [root] - °æTest 1°ø          http://blog.jpmovie.cn/?page_id=67
2018-01-21 01:39:12,889 INFO [root] - °æResponse 1°ø     		<!DOCTYPE html>
<html lang="zh-CN">
	<head>
	...
2018-01-21 01:39:12,889 INFO [root] - °æexpect words°ø     πÿ”⁄–°ƒæŒ›
2018-01-21 01:39:12,889 INFO [root] - °æResult 1°ø       fail
2018-01-21 01:39:12,890 INFO [root] - ............
2018-01-21 01:39:12,905 INFO [root] - ################## Finish to Execute Case: °æ TC_XiaomuwuAbout~demo~interface °ø####################
2018-01-21 01:39:12,906 INFO [root] - #################### Test Result is : °æ fail °ø####################
2018-01-21 01:39:12,906 INFO [root] - ################## The Test Description is : °æ ≤‚ ‘∞Ÿ∂»À—À˜π¶ƒ‹ °ø####################
2018-01-21 01:39:12,906 INFO [root] - ######################################  WTD Finished ######################################
2018-01-21 01:39:12,906 INFO [root] - ###########################################################################################
2018-01-21 01:39:12,906 INFO [root] - ###########################################################################################
2018-01-21 01:39:12,907 INFO [root] - ###########################################################################################
2018-01-21 01:39:28,283 INFO [TC_BaiDuSearch.class] - ###########################################################################################
2018-01-21 01:39:28,284 INFO [TC_BaiDuSearch.class] - ###################################### WTD Start ##########################################
2018-01-21 01:39:28,284 INFO [TC_BaiDuSearch.class] - ################## Start to Execute Case: °æ TC_BaiDuSearch~demo~common °ø####################
2018-01-21 01:39:29,622 INFO [TC_BaiDuSearch.class] - ~~~~~~ Test Point °æ GoToHome °ø  : (ªÿµΩ ◊“≥)  is °æ fail °ø  {can not go to home page}
2018-01-21 01:39:29,628 INFO [TC_BaiDuSearch.class] - ~~~~~~~~~~~~ Start to Capture the Screen ~~~~~~~~~~~~
2018-01-21 01:39:29,952 INFO [TC_BaiDuSearch.class] - ~~~~~~~~~~~~ The Screen Capture is :F:\work\projects\ideaworkspace\wtd\bin\logs\2018-01-21 01_39_28_ChromeDriver\common_demo_TC_BaiDuSearch\2018-01-21 01_39_29_952.jpg ~~~~~~~~~~~~
2018-01-21 01:39:29,964 INFO [TC_BaiDuSearch.class] - ~~~~~~~~~~~~Finish to Capture the Screen ~~~~~~~~~~~~
2018-01-21 01:39:32,284 INFO [TC_BaiDuSearch.class] - ~~~~~~ Test Point °æ ≤‚ ‘À—À˜ °ø  : (≤‚ ‘À—À˜π¶ƒ‹)  is °æ pass °ø 
2018-01-21 01:39:32,288 INFO [TC_BaiDuSearch.class] - ~~~~~~~~~~~~ Start to Capture the Screen ~~~~~~~~~~~~
2018-01-21 01:39:32,557 INFO [TC_BaiDuSearch.class] - ~~~~~~~~~~~~ The Screen Capture is :F:\work\projects\ideaworkspace\wtd\bin\logs\2018-01-21 01_39_28_ChromeDriver\common_demo_TC_BaiDuSearch\2018-01-21 01_39_32_557.jpg ~~~~~~~~~~~~
2018-01-21 01:39:32,561 INFO [TC_BaiDuSearch.class] - ~~~~~~~~~~~~Finish to Capture the Screen ~~~~~~~~~~~~
2018-01-21 01:39:32,567 INFO [TC_BaiDuSearch.class] - ################## Finish to Execute Case: °æ TC_BaiDuSearch~demo~common °ø####################
2018-01-21 01:39:32,567 INFO [TC_BaiDuSearch.class] - #################### Test Result is : °æ fail °ø####################
2018-01-21 01:39:32,567 INFO [TC_BaiDuSearch.class] - ################## The Test Description is : °æ ≤‚ ‘∞Ÿ∂»À—À˜π¶ƒ‹ °ø####################
2018-01-21 01:39:32,567 INFO [TC_BaiDuSearch.class] - ######################################  WTD Finished ######################################
2018-01-21 01:39:32,567 INFO [TC_BaiDuSearch.class] - ###########################################################################################
2018-01-21 01:39:32,567 INFO [TC_BaiDuSearch.class] - ###########################################################################################
2018-01-21 01:39:32,567 INFO [TC_BaiDuSearch.class] - ###########################################################################################
2018-01-21 01:39:32,567 INFO [root] - ###########################################################################################
2018-01-21 01:39:32,567 INFO [root] - ###################################### WTD Start ##########################################
2018-01-21 01:39:32,567 INFO [root] - ################## Start to Execute Case: °æ TC_XiaomuwuAbout~demo~interface °ø####################
2018-01-21 01:39:34,650 INFO [root] - °æTest 1°ø          http://blog.jpmovie.cn/?page_id=67
2018-01-21 01:39:34,651 INFO [root] - °æResponse 1°ø     		<!DOCTYPE html>
<html lang="zh-CN">
	<head>
	...
2018-01-21 01:39:34,651 INFO [root] - °æexpect words°ø     πÿ”⁄–°ƒæŒ›
2018-01-21 01:39:34,651 INFO [root] - °æResult 1°ø       fail
2018-01-21 01:39:34,651 INFO [root] - ............
2018-01-21 01:39:34,663 INFO [root] - ################## Finish to Execute Case: °æ TC_XiaomuwuAbout~demo~interface °ø####################
2018-01-21 01:39:34,663 INFO [root] - #################### Test Result is : °æ fail °ø####################
2018-01-21 01:39:34,663 INFO [root] - ################## The Test Description is : °æ ≤‚ ‘∞Ÿ∂»À—À˜π¶ƒ‹ °ø####################
2018-01-21 01:39:34,664 INFO [root] - ######################################  WTD Finished ######################################
2018-01-21 01:39:34,664 INFO [root] - ###########################################################################################
2018-01-21 01:39:34,664 INFO [root] - ###########################################################################################
2018-01-21 01:39:34,664 INFO [root] - ###########################################################################################
2018-01-21 01:40:15,760 INFO [TC_BaiDuSearch.class] - ###########################################################################################
2018-01-21 01:40:15,760 INFO [TC_BaiDuSearch.class] - ###################################### WTD Start ##########################################
2018-01-21 01:40:15,760 INFO [TC_BaiDuSearch.class] - ################## Start to Execute Case: °æ TC_BaiDuSearch~demo~common °ø####################
2018-01-21 01:40:17,105 INFO [TC_BaiDuSearch.class] - ~~~~~~ Test Point °æ GoToHome °ø  : (ªÿµΩ ◊“≥)  is °æ fail °ø  {can not go to home page}
2018-01-21 01:40:17,113 INFO [TC_BaiDuSearch.class] - ~~~~~~~~~~~~ Start to Capture the Screen ~~~~~~~~~~~~
2018-01-21 01:40:17,447 INFO [TC_BaiDuSearch.class] - ~~~~~~~~~~~~ The Screen Capture is :F:\work\projects\ideaworkspace\wtd\bin\logs\2018-01-21 01_40_15_ChromeDriver\common_demo_TC_BaiDuSearch\2018-01-21 01_40_17_447.jpg ~~~~~~~~~~~~
2018-01-21 01:40:17,498 INFO [TC_BaiDuSearch.class] - ~~~~~~~~~~~~Finish to Capture the Screen ~~~~~~~~~~~~
2018-01-21 01:40:19,906 INFO [TC_BaiDuSearch.class] - ~~~~~~ Test Point °æ ≤‚ ‘À—À˜ °ø  : (≤‚ ‘À—À˜π¶ƒ‹)  is °æ pass °ø 
2018-01-21 01:40:19,910 INFO [TC_BaiDuSearch.class] - ~~~~~~~~~~~~ Start to Capture the Screen ~~~~~~~~~~~~
2018-01-21 01:40:20,188 INFO [TC_BaiDuSearch.class] - ~~~~~~~~~~~~ The Screen Capture is :F:\work\projects\ideaworkspace\wtd\bin\logs\2018-01-21 01_40_15_ChromeDriver\common_demo_TC_BaiDuSearch\2018-01-21 01_40_20_188.jpg ~~~~~~~~~~~~
2018-01-21 01:40:20,192 INFO [TC_BaiDuSearch.class] - ~~~~~~~~~~~~Finish to Capture the Screen ~~~~~~~~~~~~
2018-01-21 01:40:20,201 INFO [TC_BaiDuSearch.class] - ################## Finish to Execute Case: °æ TC_BaiDuSearch~demo~common °ø####################
2018-01-21 01:40:20,201 INFO [TC_BaiDuSearch.class] - #################### Test Result is : °æ fail °ø####################
2018-01-21 01:40:20,202 INFO [TC_BaiDuSearch.class] - ################## The Test Description is : °æ ≤‚ ‘∞Ÿ∂»À—À˜π¶ƒ‹ °ø####################
2018-01-21 01:40:20,202 INFO [TC_BaiDuSearch.class] - ######################################  WTD Finished ######################################
2018-01-21 01:40:20,202 INFO [TC_BaiDuSearch.class] - ###########################################################################################
2018-01-21 01:40:20,202 INFO [TC_BaiDuSearch.class] - ###########################################################################################
2018-01-21 01:40:20,203 INFO [TC_BaiDuSearch.class] - ###########################################################################################
2018-01-21 01:40:20,204 INFO [root] - ###########################################################################################
2018-01-21 01:40:20,204 INFO [root] - ###################################### WTD Start ##########################################
2018-01-21 01:40:20,205 INFO [root] - ################## Start to Execute Case: °æ TC_XiaomuwuAbout~demo~interface °ø####################
2018-01-21 01:40:22,408 INFO [root] - °æTest 1°ø          http://blog.jpmovie.cn/?page_id=67
2018-01-21 01:40:22,408 INFO [root] - °æResponse 1°ø     		<!DOCTYPE html>
<html lang="zh-CN">
	<head>
	...
2018-01-21 01:40:22,408 INFO [root] - °æexpect words°ø     πÿ”⁄–°ƒæŒ›
2018-01-21 01:40:22,408 INFO [root] - °æResult 1°ø       fail
2018-01-21 01:40:22,408 INFO [root] - ............
2018-01-21 01:40:22,419 INFO [root] - ################## Finish to Execute Case: °æ TC_XiaomuwuAbout~demo~interface °ø####################
2018-01-21 01:40:22,419 INFO [root] - #################### Test Result is : °æ fail °ø####################
2018-01-21 01:40:22,420 INFO [root] - ################## The Test Description is : °æ ≤‚ ‘∞Ÿ∂»À—À˜π¶ƒ‹ °ø####################
2018-01-21 01:40:22,420 INFO [root] - ######################################  WTD Finished ######################################
2018-01-21 01:40:22,420 INFO [root] - ###########################################################################################
2018-01-21 01:40:22,420 INFO [root] - ###########################################################################################
2018-01-21 01:40:22,421 INFO [root] - ###########################################################################################
2018-01-21 01:42:05,172 INFO [TC_BaiDuSearch.class] - ###########################################################################################
2018-01-21 01:42:05,172 INFO [TC_BaiDuSearch.class] - ###################################### WTD Start ##########################################
2018-01-21 01:42:05,173 INFO [TC_BaiDuSearch.class] - ################## Start to Execute Case: °æ TC_BaiDuSearch~demo~common °ø####################
2018-01-21 01:42:07,080 INFO [TC_BaiDuSearch.class] - ~~~~~~ Test Point °æ GoToHome °ø  : (ªÿµΩ ◊“≥)  is °æ fail °ø  {can not go to home page}
2018-01-21 01:42:07,088 INFO [TC_BaiDuSearch.class] - ~~~~~~~~~~~~ Start to Capture the Screen ~~~~~~~~~~~~
2018-01-21 01:42:07,430 INFO [TC_BaiDuSearch.class] - ~~~~~~~~~~~~ The Screen Capture is :F:\work\projects\ideaworkspace\wtd\bin\logs\2018-01-21 01_42_05_ChromeDriver\common_demo_TC_BaiDuSearch\2018-01-21 01_42_07_430.jpg ~~~~~~~~~~~~
2018-01-21 01:42:07,442 INFO [TC_BaiDuSearch.class] - ~~~~~~~~~~~~Finish to Capture the Screen ~~~~~~~~~~~~
2018-01-21 01:42:10,115 INFO [TC_BaiDuSearch.class] - ~~~~~~ Test Point °æ ≤‚ ‘À—À˜ °ø  : (≤‚ ‘À—À˜π¶ƒ‹)  is °æ pass °ø 
2018-01-21 01:42:10,120 INFO [TC_BaiDuSearch.class] - ~~~~~~~~~~~~ Start to Capture the Screen ~~~~~~~~~~~~
2018-01-21 01:42:10,463 INFO [TC_BaiDuSearch.class] - ~~~~~~~~~~~~ The Screen Capture is :F:\work\projects\ideaworkspace\wtd\bin\logs\2018-01-21 01_42_05_ChromeDriver\common_demo_TC_BaiDuSearch\2018-01-21 01_42_10_463.jpg ~~~~~~~~~~~~
2018-01-21 01:42:10,466 INFO [TC_BaiDuSearch.class] - ~~~~~~~~~~~~Finish to Capture the Screen ~~~~~~~~~~~~
2018-01-21 01:42:10,471 INFO [TC_BaiDuSearch.class] - ################## Finish to Execute Case: °æ TC_BaiDuSearch~demo~common °ø####################
2018-01-21 01:42:10,471 INFO [TC_BaiDuSearch.class] - #################### Test Result is : °æ fail °ø####################
2018-01-21 01:42:10,471 INFO [TC_BaiDuSearch.class] - ################## The Test Description is : °æ ≤‚ ‘∞Ÿ∂»À—À˜π¶ƒ‹ °ø####################
2018-01-21 01:42:10,471 INFO [TC_BaiDuSearch.class] - ######################################  WTD Finished ######################################
2018-01-21 01:42:10,472 INFO [TC_BaiDuSearch.class] - ###########################################################################################
2018-01-21 01:42:10,472 INFO [TC_BaiDuSearch.class] - ###########################################################################################
2018-01-21 01:42:10,472 INFO [TC_BaiDuSearch.class] - ###########################################################################################
2018-01-21 01:42:10,472 INFO [root] - ###########################################################################################
2018-01-21 01:42:10,472 INFO [root] - ###################################### WTD Start ##########################################
2018-01-21 01:42:10,472 INFO [root] - ################## Start to Execute Case: °æ TC_XiaomuwuAbout~demo~interface °ø####################
2018-01-21 01:42:12,637 INFO [root] - °æTest 1°ø          http://blog.jpmovie.cn/?page_id=67
2018-01-21 01:42:12,637 INFO [root] - °æResponse 1°ø     		<!DOCTYPE html>
<html lang="zh-CN">
	<head>
	...
2018-01-21 01:42:12,638 INFO [root] - °æexpect words°ø     πÿ”⁄–°ƒæŒ›
2018-01-21 01:42:12,638 INFO [root] - °æResult 1°ø       fail
2018-01-21 01:42:12,638 INFO [root] - ............
2018-01-21 01:42:12,654 INFO [root] - ################## Finish to Execute Case: °æ TC_XiaomuwuAbout~demo~interface °ø####################
2018-01-21 01:42:12,654 INFO [root] - #################### Test Result is : °æ fail °ø####################
2018-01-21 01:42:12,654 INFO [root] - ################## The Test Description is : °æ ≤‚ ‘∞Ÿ∂»À—À˜π¶ƒ‹ °ø####################
2018-01-21 01:42:12,655 INFO [root] - ######################################  WTD Finished ######################################
2018-01-21 01:42:12,655 INFO [root] - ###########################################################################################
2018-01-21 01:42:12,655 INFO [root] - ###########################################################################################
2018-01-21 01:42:12,656 INFO [root] - ###########################################################################################
2018-01-21 01:42:54,433 INFO [TC_BaiDuSearch.class] - ###########################################################################################
2018-01-21 01:42:54,433 INFO [TC_BaiDuSearch.class] - ###################################### WTD Start ##########################################
2018-01-21 01:42:54,433 INFO [TC_BaiDuSearch.class] - ################## Start to Execute Case: °æ TC_BaiDuSearch~demo~common °ø####################
2018-01-21 01:42:56,082 INFO [TC_BaiDuSearch.class] - ~~~~~~ Test Point °æ GoToHome °ø  : (ªÿµΩ ◊“≥)  is °æ fail °ø  {can not go to home page}
2018-01-21 01:42:56,091 INFO [TC_BaiDuSearch.class] - ~~~~~~~~~~~~ Start to Capture the Screen ~~~~~~~~~~~~
2018-01-21 01:42:56,446 INFO [TC_BaiDuSearch.class] - ~~~~~~~~~~~~ The Screen Capture is :F:\work\projects\ideaworkspace\wtd\bin\logs\2018-01-21 01_42_54_ChromeDriver\common_demo_TC_BaiDuSearch\2018-01-21 01_42_56_446.jpg ~~~~~~~~~~~~
2018-01-21 01:42:56,459 INFO [TC_BaiDuSearch.class] - ~~~~~~~~~~~~Finish to Capture the Screen ~~~~~~~~~~~~
2018-01-21 01:42:58,828 INFO [TC_BaiDuSearch.class] - ~~~~~~ Test Point °æ ≤‚ ‘À—À˜ °ø  : (≤‚ ‘À—À˜π¶ƒ‹)  is °æ pass °ø 
2018-01-21 01:42:58,832 INFO [TC_BaiDuSearch.class] - ~~~~~~~~~~~~ Start to Capture the Screen ~~~~~~~~~~~~
2018-01-21 01:42:59,125 INFO [TC_BaiDuSearch.class] - ~~~~~~~~~~~~ The Screen Capture is :F:\work\projects\ideaworkspace\wtd\bin\logs\2018-01-21 01_42_54_ChromeDriver\common_demo_TC_BaiDuSearch\2018-01-21 01_42_59_125.jpg ~~~~~~~~~~~~
2018-01-21 01:42:59,129 INFO [TC_BaiDuSearch.class] - ~~~~~~~~~~~~Finish to Capture the Screen ~~~~~~~~~~~~
2018-01-21 01:42:59,135 INFO [TC_BaiDuSearch.class] - ################## Finish to Execute Case: °æ TC_BaiDuSearch~demo~common °ø####################
2018-01-21 01:42:59,135 INFO [TC_BaiDuSearch.class] - #################### Test Result is : °æ fail °ø####################
2018-01-21 01:42:59,135 INFO [TC_BaiDuSearch.class] - ################## The Test Description is : °æ ≤‚ ‘∞Ÿ∂»À—À˜π¶ƒ‹ °ø####################
2018-01-21 01:42:59,135 INFO [TC_BaiDuSearch.class] - ######################################  WTD Finished ######################################
2018-01-21 01:42:59,135 INFO [TC_BaiDuSearch.class] - ###########################################################################################
2018-01-21 01:42:59,135 INFO [TC_BaiDuSearch.class] - ###########################################################################################
2018-01-21 01:42:59,135 INFO [TC_BaiDuSearch.class] - ###########################################################################################
2018-01-21 01:42:59,135 INFO [root] - ###########################################################################################
2018-01-21 01:42:59,136 INFO [root] - ###################################### WTD Start ##########################################
2018-01-21 01:42:59,136 INFO [root] - ################## Start to Execute Case: °æ TC_XiaomuwuAbout~demo~interface °ø####################
2018-01-21 01:43:02,053 INFO [root] - °æTest 1°ø          http://blog.jpmovie.cn/?page_id=67
2018-01-21 01:43:02,053 INFO [root] - °æResponse 1°ø     		<!DOCTYPE html>
<html lang="zh-CN">
	<head>
	...
2018-01-21 01:43:02,053 INFO [root] - °æexpect words°ø     πÿ”⁄–°ƒæŒ›
2018-01-21 01:43:02,053 INFO [root] - °æResult 1°ø       fail
2018-01-21 01:43:02,053 INFO [root] - ............
2018-01-21 01:43:02,062 INFO [root] - ################## Finish to Execute Case: °æ TC_XiaomuwuAbout~demo~interface °ø####################
2018-01-21 01:43:02,062 INFO [root] - #################### Test Result is : °æ fail °ø####################
2018-01-21 01:43:02,063 INFO [root] - ################## The Test Description is : °æ ≤‚ ‘∞Ÿ∂»À—À˜π¶ƒ‹ °ø####################
2018-01-21 01:43:02,063 INFO [root] - ######################################  WTD Finished ######################################
2018-01-21 01:43:02,064 INFO [root] - ###########################################################################################
2018-01-21 01:43:02,064 INFO [root] - ###########################################################################################
2018-01-21 01:43:02,064 INFO [root] - ###########################################################################################
2018-01-28 11:51:27,332 INFO [TC_BaiDuSearch.class] - ###########################################################################################
2018-01-28 11:51:27,363 INFO [TC_BaiDuSearch.class] - ###################################### WTD Start ##########################################
2018-01-28 11:51:27,363 INFO [TC_BaiDuSearch.class] - ################## Start to Execute Case: „Äê TC_BaiDuSearch~demo~common „Äë####################
2018-01-28 11:51:28,673 INFO [TC_BaiDuSearch.class] - ~~~~~~ Test Point „Äê GoToHome „Äë  : (ÂõûÂà∞È¶ñÈ°µ)  is „Äê fail „Äë  {can not go to home page}
2018-01-28 11:51:28,680 INFO [TC_BaiDuSearch.class] - ~~~~~~~~~~~~ Start to Capture the Screen ~~~~~~~~~~~~
2018-01-28 11:51:29,023 INFO [TC_BaiDuSearch.class] - ~~~~~~~~~~~~ The Screen Capture is :F:\work\projects\ideaworkspace\wtd\bin\logs\2018-01-28 11_51_27_ChromeDriver\common_demo_TC_BaiDuSearch\2018-01-28 11_51_29_23.jpg ~~~~~~~~~~~~
2018-01-28 11:51:29,041 INFO [TC_BaiDuSearch.class] - ~~~~~~~~~~~~Finish to Capture the Screen ~~~~~~~~~~~~
2018-01-28 11:51:31,471 INFO [TC_BaiDuSearch.class] - ~~~~~~ Test Point „Äê ÊµãËØïÊêúÁ¥¢ „Äë  : (ÊµãËØïÊêúÁ¥¢ÂäüËÉΩ)  is „Äê pass „Äë 
2018-01-28 11:51:31,475 INFO [TC_BaiDuSearch.class] - ~~~~~~~~~~~~ Start to Capture the Screen ~~~~~~~~~~~~
2018-01-28 11:51:31,745 INFO [TC_BaiDuSearch.class] - ~~~~~~~~~~~~ The Screen Capture is :F:\work\projects\ideaworkspace\wtd\bin\logs\2018-01-28 11_51_27_ChromeDriver\common_demo_TC_BaiDuSearch\2018-01-28 11_51_31_745.jpg ~~~~~~~~~~~~
2018-01-28 11:51:31,749 INFO [TC_BaiDuSearch.class] - ~~~~~~~~~~~~Finish to Capture the Screen ~~~~~~~~~~~~
2018-01-28 11:51:31,754 INFO [TC_BaiDuSearch.class] - ################## Finish to Execute Case: „Äê TC_BaiDuSearch~demo~common „Äë####################
2018-01-28 11:51:31,755 INFO [TC_BaiDuSearch.class] - #################### Test Result is : „Äê fail „Äë####################
2018-01-28 11:51:31,755 INFO [TC_BaiDuSearch.class] - ################## The Test Description is : „Äê ÊµãËØïÁôæÂ∫¶ÊêúÁ¥¢ÂäüËÉΩ „Äë####################
2018-01-28 11:51:31,755 INFO [TC_BaiDuSearch.class] - ######################################  WTD Finished ######################################
2018-01-28 11:51:31,755 INFO [TC_BaiDuSearch.class] - ###########################################################################################
2018-01-28 11:51:31,755 INFO [TC_BaiDuSearch.class] - ###########################################################################################
2018-01-28 11:51:31,755 INFO [TC_BaiDuSearch.class] - ###########################################################################################
2018-01-28 11:51:31,755 INFO [root] - ###########################################################################################
2018-01-28 11:51:31,755 INFO [root] - ###################################### WTD Start ##########################################
2018-01-28 11:51:31,755 INFO [root] - ################## Start to Execute Case: „Äê TC_XiaomuwuAbout~demo~interface „Äë####################
2018-01-28 11:51:34,739 INFO [root] - „ÄêTest 1„Äë          http://blog.jpmovie.cn/?page_id=67
2018-01-28 11:51:34,739 INFO [root] - „ÄêResponse 1„Äë     		<!DOCTYPE html>
<html lang="zh-CN">
	<head>
	...
2018-01-28 11:51:34,739 INFO [root] - „Äêexpect words„Äë     ÂÖ≥‰∫éÂ∞èÊú®Â±ã
2018-01-28 11:51:34,739 INFO [root] - „ÄêResult 1„Äë       pass
2018-01-28 11:51:34,739 INFO [root] - ............
2018-01-28 11:51:34,850 INFO [root] - ################## Finish to Execute Case: „Äê TC_XiaomuwuAbout~demo~interface „Äë####################
2018-01-28 11:51:34,850 INFO [root] - #################### Test Result is : „Äê pass „Äë####################
2018-01-28 11:51:34,850 INFO [root] - ################## The Test Description is : „Äê ÊµãËØïÁôæÂ∫¶ÊêúÁ¥¢ÂäüËÉΩ „Äë####################
2018-01-28 11:51:34,851 INFO [root] - ######################################  WTD Finished ######################################
2018-01-28 11:51:34,851 INFO [root] - ###########################################################################################
2018-01-28 11:51:34,851 INFO [root] - ###########################################################################################
2018-01-28 11:51:34,851 INFO [root] - ###########################################################################################
2018-01-28 11:52:41,932 INFO [TC_BaiDuSearch.class] - ###########################################################################################
2018-01-28 11:52:41,933 INFO [TC_BaiDuSearch.class] - ###################################### WTD Start ##########################################
2018-01-28 11:52:41,933 INFO [TC_BaiDuSearch.class] - ################## Start to Execute Case: „Äê TC_BaiDuSearch~demo~common „Äë####################
2018-01-28 11:52:43,134 INFO [TC_BaiDuSearch.class] - ~~~~~~ Test Point „Äê GoToHome „Äë  : (ÂõûÂà∞È¶ñÈ°µ)  is „Äê fail „Äë  {can not go to home page}
2018-01-28 11:52:43,143 INFO [TC_BaiDuSearch.class] - ~~~~~~~~~~~~ Start to Capture the Screen ~~~~~~~~~~~~
2018-01-28 11:52:43,569 INFO [TC_BaiDuSearch.class] - ~~~~~~~~~~~~ The Screen Capture is :F:\work\projects\ideaworkspace\wtd\bin\logs\2018-01-28 11_52_41_ChromeDriver\common_demo_TC_BaiDuSearch\2018-01-28 11_52_43_568.jpg ~~~~~~~~~~~~
2018-01-28 11:52:43,579 INFO [TC_BaiDuSearch.class] - ~~~~~~~~~~~~Finish to Capture the Screen ~~~~~~~~~~~~
2018-01-28 11:52:45,975 INFO [TC_BaiDuSearch.class] - ~~~~~~ Test Point „Äê ÊµãËØïÊêúÁ¥¢ „Äë  : (ÊµãËØïÊêúÁ¥¢ÂäüËÉΩ)  is „Äê pass „Äë 
2018-01-28 11:52:45,979 INFO [TC_BaiDuSearch.class] - ~~~~~~~~~~~~ Start to Capture the Screen ~~~~~~~~~~~~
2018-01-28 11:52:46,289 INFO [TC_BaiDuSearch.class] - ~~~~~~~~~~~~ The Screen Capture is :F:\work\projects\ideaworkspace\wtd\bin\logs\2018-01-28 11_52_41_ChromeDriver\common_demo_TC_BaiDuSearch\2018-01-28 11_52_46_289.jpg ~~~~~~~~~~~~
2018-01-28 11:52:46,292 INFO [TC_BaiDuSearch.class] - ~~~~~~~~~~~~Finish to Capture the Screen ~~~~~~~~~~~~
2018-01-28 11:52:46,296 INFO [TC_BaiDuSearch.class] - ################## Finish to Execute Case: „Äê TC_BaiDuSearch~demo~common „Äë####################
2018-01-28 11:52:46,297 INFO [TC_BaiDuSearch.class] - #################### Test Result is : „Äê fail „Äë####################
2018-01-28 11:52:46,297 INFO [TC_BaiDuSearch.class] - ################## The Test Description is : „Äê ÊµãËØïÁôæÂ∫¶ÊêúÁ¥¢ÂäüËÉΩ „Äë####################
2018-01-28 11:52:46,297 INFO [TC_BaiDuSearch.class] - ######################################  WTD Finished ######################################
2018-01-28 11:52:46,297 INFO [TC_BaiDuSearch.class] - ###########################################################################################
2018-01-28 11:52:46,297 INFO [TC_BaiDuSearch.class] - ###########################################################################################
2018-01-28 11:52:46,297 INFO [TC_BaiDuSearch.class] - ###########################################################################################
2018-01-28 11:52:46,298 INFO [root] - ###########################################################################################
2018-01-28 11:52:46,299 INFO [root] - ###################################### WTD Start ##########################################
2018-01-28 11:52:46,299 INFO [root] - ################## Start to Execute Case: „Äê TC_XiaomuwuAbout~demo~interface „Äë####################
2018-01-28 11:52:48,893 INFO [root] - „ÄêTest 1„Äë          http://blog.jpmovie.cn/?page_id=67
2018-01-28 11:52:48,894 INFO [root] - „ÄêResponse 1„Äë     		<!DOCTYPE html>
<html lang="zh-CN">
	<head>
	...
2018-01-28 11:52:48,897 INFO [root] - „Äêexpect words„Äë     ÂÖ≥‰∫éÂ∞èÊú®Â±ã
2018-01-28 11:52:48,898 INFO [root] - „ÄêResult 1„Äë       pass
2018-01-28 11:52:48,899 INFO [root] - ............
2018-01-28 11:52:48,919 INFO [root] - ################## Finish to Execute Case: „Äê TC_XiaomuwuAbout~demo~interface „Äë####################
2018-01-28 11:52:48,919 INFO [root] - #################### Test Result is : „Äê pass „Äë####################
2018-01-28 11:52:48,923 INFO [root] - ################## The Test Description is : „Äê ÊµãËØïÁôæÂ∫¶ÊêúÁ¥¢ÂäüËÉΩ „Äë####################
2018-01-28 11:52:48,926 INFO [root] - ######################################  WTD Finished ######################################
2018-01-28 11:52:48,927 INFO [root] - ###########################################################################################
2018-01-28 11:52:48,928 INFO [root] - ###########################################################################################
2018-01-28 11:52:48,929 INFO [root] - ###########################################################################################
